SF:lib/src/form_pro.dart
DA:13,2
DA:16,4
DA:18,3
DA:19,6
DA:23,1
DA:25,3
DA:26,2
DA:27,1
DA:28,1
DA:32,1
DA:36,2
DA:37,4
DA:38,12
DA:40,2
DA:43,6
DA:52,2
DA:53,4
DA:54,6
DA:59,8
LF:19
LH:19
end_of_record
SF:lib/src/form_pro_widget.dart
DA:11,2
DA:13,2
DA:14,2
DA:19,1
DA:20,3
DA:21,6
DA:23,0
DA:27,2
DA:29,2
DA:30,4
DA:31,2
DA:32,2
DA:33,4
DA:34,2
DA:35,2
DA:37,8
DA:48,2
DA:50,2
DA:51,2
DA:53,0
DA:55,2
DA:58,1
DA:59,1
DA:60,1
DA:61,0
DA:63,1
DA:66,0
DA:67,0
LF:28
LH:23
end_of_record
SF:lib/src/form_pro_text_field.dart
DA:14,1
DA:16,1
DA:18,1
DA:19,3
DA:20,1
DA:22,1
DA:23,3
DA:24,2
DA:25,1
DA:26,3
DA:27,1
DA:28,2
DA:54,0
DA:66,0
DA:67,0
DA:74,0
DA:75,0
DA:77,0
DA:79,0
DA:80,0
DA:81,0
DA:84,0
DA:86,0
DA:87,0
DA:88,0
DA:91,0
DA:92,0
DA:93,0
DA:94,0
DA:96,0
DA:99,0
DA:103,0
DA:104,0
DA:105,0
DA:106,0
DA:107,0
DA:108,0
DA:109,0
DA:110,0
DA:111,0
DA:126,1
DA:128,1
DA:129,1
DA:135,1
DA:137,1
DA:138,2
DA:141,1
DA:143,2
DA:144,1
DA:147,1
DA:149,1
DA:150,4
DA:151,3
DA:152,3
DA:153,0
DA:154,0
DA:156,0
DA:160,2
DA:161,3
DA:162,0
DA:164,1
DA:165,1
DA:166,2
DA:167,2
DA:168,4
DA:169,4
DA:189,1
DA:200,1
DA:202,1
DA:203,3
DA:204,2
DA:205,1
DA:206,1
DA:208,3
DA:209,1
DA:210,1
DA:211,1
DA:212,1
DA:213,4
DA:214,4
DA:216,1
DA:217,3
DA:219,0
DA:222,1
DA:223,2
DA:229,1
DA:230,0
DA:232,0
DA:239,1
DA:240,3
DA:241,3
DA:242,2
DA:255,0
DA:263,0
DA:265,0
DA:266,0
DA:267,0
DA:268,0
DA:270,0
DA:271,0
DA:272,0
DA:273,0
DA:274,0
DA:275,0
DA:278,0
DA:279,0
DA:280,0
DA:283,0
DA:295,0
DA:297,0
DA:299,0
DA:300,0
DA:301,0
DA:303,0
DA:304,0
DA:305,0
DA:306,0
DA:307,0
DA:308,0
DA:310,0
DA:312,0
DA:326,1
DA:328,1
DA:330,1
DA:331,3
DA:332,1
DA:333,1
DA:334,1
DA:335,1
DA:336,3
DA:337,1
DA:340,1
LF:132
LH:68
end_of_record
SF:lib/src/form_pro_submit_button.dart
DA:8,0
DA:10,0
DA:12,0
DA:13,0
LF:4
LH:0
end_of_record
SF:lib/src/form_pro_field.dart
DA:12,0
DA:14,0
DA:16,0
DA:17,0
DA:18,0
DA:19,0
DA:20,0
DA:21,0
LF:8
LH:0
end_of_record
SF:lib/src/validators.dart
DA:8,0
DA:11,0
DA:12,0
DA:13,0
DA:14,0
DA:15,0
DA:16,3
DA:17,3
DA:18,0
DA:19,0
DA:20,0
DA:23,0
DA:24,0
DA:25,0
DA:26,0
DA:27,0
DA:28,0
DA:29,0
DA:30,0
DA:31,0
DA:32,9
DA:33,0
DA:34,0
DA:35,0
DA:36,0
DA:37,0
DA:38,0
DA:39,0
DA:40,0
DA:43,0
DA:44,0
DA:45,0
DA:46,0
DA:49,0
DA:50,0
DA:51,0
DA:52,3
DA:53,0
DA:54,0
DA:55,0
DA:59,0
DA:61,0
DA:66,0
DA:68,0
DA:72,0
DA:74,0
DA:79,0
DA:81,0
DA:85,0
DA:87,0
DA:91,0
DA:93,0
DA:98,0
DA:100,0
DA:104,0
DA:106,0
DA:110,1
DA:111,1
DA:112,3
DA:113,1
DA:116,2
DA:117,2
DA:119,4
DA:121,3
DA:122,2
DA:123,2
DA:128,1
DA:129,1
DA:130,3
DA:131,1
DA:134,2
DA:135,2
DA:137,4
DA:139,3
DA:140,2
DA:141,2
DA:147,0
DA:149,0
DA:150,0
DA:154,0
DA:156,0
DA:157,0
DA:161,0
DA:163,0
DA:164,0
DA:170,0
DA:172,0
DA:173,0
DA:174,0
DA:175,0
DA:180,0
DA:182,0
DA:183,0
DA:184,0
DA:185,0
DA:186,0
DA:187,0
DA:188,0
DA:195,0
DA:197,0
DA:198,0
DA:199,0
DA:205,0
DA:207,0
DA:211,0
DA:213,0
DA:218,0
DA:220,0
DA:224,0
DA:226,0
DA:230,0
DA:232,0
DA:235,0
DA:237,0
DA:241,1
DA:243,2
DA:244,3
DA:250,0
DA:251,0
DA:253,0
DA:254,0
DA:260,0
DA:261,0
DA:262,0
DA:266,1
DA:268,1
DA:269,2
DA:270,1
DA:278,0
DA:280,0
DA:285,0
DA:287,0
DA:291,0
DA:293,0
DA:297,0
DA:299,0
DA:303,0
DA:305,0
DA:309,0
DA:311,0
DA:312,0
DA:313,0
DA:314,0
DA:316,0
DA:317,0
DA:320,0
DA:323,0
DA:330,0
DA:332,0
DA:337,0
DA:339,0
DA:343,0
DA:345,0
DA:346,0
DA:351,1
DA:352,4
DA:353,1
DA:354,3
DA:355,3
DA:356,2
DA:362,0
DA:364,0
DA:365,0
DA:366,0
DA:367,0
DA:368,0
DA:374,0
DA:376,0
DA:377,0
DA:378,0
DA:379,0
DA:380,0
DA:386,0
DA:388,0
DA:392,0
DA:394,0
DA:397,0
DA:399,0
DA:402,0
DA:404,0
DA:407,0
DA:409,0
DA:412,0
DA:414,0
DA:417,0
DA:419,0
DA:422,0
DA:424,0
DA:427,0
DA:429,0
DA:432,4
DA:434,19
DA:437,3
DA:439,3
DA:440,9
DA:441,9
DA:446,0
DA:448,0
DA:451,0
DA:453,0
DA:456,0
DA:458,0
DA:461,0
DA:463,0
DA:466,0
DA:468,0
DA:471,0
DA:473,0
DA:476,0
DA:478,0
DA:482,1
DA:484,2
DA:485,3
DA:488,1
DA:490,2
DA:491,3
DA:494,0
DA:496,0
DA:500,1
DA:502,1
DA:503,1
DA:504,4
DA:508,0
DA:510,0
DA:511,0
DA:512,0
DA:516,1
DA:518,1
DA:520,1
DA:522,3
DA:523,1
DA:525,0
DA:527,1
DA:528,2
DA:532,1
DA:534,1
DA:536,1
DA:538,3
DA:539,1
DA:541,1
DA:543,1
DA:544,1
DA:549,0
DA:551,0
DA:556,1
DA:557,1
DA:558,1
DA:560,3
DA:561,1
DA:562,2
DA:564,4
DA:565,2
DA:567,1
DA:569,2
DA:570,1
DA:571,4
DA:572,3
DA:575,0
DA:581,1
DA:582,1
DA:583,2
DA:584,5
DA:585,1
DA:588,3
DA:589,1
DA:590,2
DA:596,0
DA:597,0
DA:598,0
DA:599,0
DA:600,0
DA:602,0
DA:603,0
DA:604,0
DA:605,0
DA:606,0
DA:607,0
DA:610,0
DA:611,0
DA:614,0
DA:615,0
DA:616,0
DA:618,0
DA:619,0
DA:624,0
DA:625,0
DA:626,0
DA:627,0
DA:628,0
DA:630,0
DA:631,0
DA:632,0
DA:634,0
DA:635,0
DA:636,0
DA:643,1
DA:645,2
DA:646,1
DA:648,2
DA:651,2
DA:654,2
DA:657,2
DA:660,2
DA:663,2
DA:666,2
DA:672,1
DA:673,4
DA:674,1
DA:675,2
DA:676,2
DA:680,0
DA:682,0
DA:685,0
DA:687,0
DA:689,0
DA:692,0
DA:694,0
DA:697,0
DA:699,0
DA:702,0
DA:704,0
DA:707,0
DA:709,0
DA:712,0
DA:714,0
DA:717,0
DA:719,0
DA:721,0
DA:724,0
DA:726,0
DA:728,0
DA:731,0
DA:733,0
DA:736,0
DA:738,0
DA:741,0
DA:743,0
DA:745,0
DA:748,0
DA:750,0
DA:752,0
DA:755,0
DA:757,0
DA:759,0
DA:762,0
DA:764,0
DA:765,0
DA:767,0
DA:768,0
DA:770,0
DA:771,0
DA:776,0
DA:778,0
DA:779,0
DA:780,0
DA:783,0
DA:784,0
DA:786,0
DA:787,0
DA:789,0
DA:792,0
DA:796,0
DA:798,0
DA:801,0
DA:803,0
LF:365
LH:104
end_of_record
SF:lib/src/form_field_config.dart
DA:9,2
DA:11,2
DA:12,4
DA:13,2
LF:4
LH:4
end_of_record
SF:lib/src/i18n.dart
DA:15,0
DA:18,0
DA:21,0
DA:24,0
DA:25,0
DA:29,0
DA:32,0
DA:33,0
DA:34,0
DA:39,0
DA:40,0
DA:41,0
DA:43,0
DA:47,0
DA:48,0
DA:52,0
DA:53,0
DA:54,0
DA:60,0
DA:62,0
DA:63,0
DA:67,0
DA:70,0
DA:73,0
DA:75,0
DA:77,0
DA:80,0
DA:84,0
DA:91,0
DA:92,0
DA:93,0
DA:96,0
DA:97,0
DA:104,0
DA:105,0
DA:106,0
DA:107,0
LF:37
LH:0
end_of_record
SF:lib/src/domain/messages.dart
DA:9,0
DA:15,5
DA:17,0
DA:18,5
LF:4
LH:2
end_of_record
